[LOG] System::create                           : Header version = 2.00.04. Current version = 2.00.04.
[LOG] Manager::init                            : maxchannels = 256 studioflags = 00000006 flags 00000000 extradriverdata 0000000000000000.
[LOG] SystemI::init                            : Initialize version=20004 (104705), maxchannels=256, flags=0x00020000
[LOG] SystemI::setOutputInternal               : Setting output to 'FMOD WASAPI Output'
[LOG] OutputWASAPI::init                       : Mix Format (WAVEFORMATEX): wFormatTag=0xFFFE, nChannels=2, nSamplesPerSec=48000, nAvgBytesPerSec=384000, nBlockAlign=8, wBitsPerSample=32, cbSize=22.
[LOG] OutputWASAPI::init                       : Mix Format (WAVEFORMATEXTENSIBLE): wValidBitsPerSample=32, dwChannelMask=0x00000003, SubFormat=00000003-0000-0010-8000-00AA00389B71.
[LOG] OutputWASAPI::init                       : Output buffer size: 4096 samples, latency: 0.00ms, period: 10.00ms, DSP buffer: 1024 * 4
[LOG] Thread::initThread                       : Init FMOD stream thread. Priority: 2, Stack Size: 98304, Semaphore: No, Sleep Time: 10, Looping: Yes.
[LOG] Thread::initThread                       : Init FMOD mixer thread. Priority: 3, Stack Size: 81920, Semaphore: No, Sleep Time: 0, Looping: Yes.
[LOG] AsyncManager::init                       : manager 000000003B338788 isAsync 0 updatePeriod 0.02
[LOG] AsyncManager::init                       : done
[LOG] PlaybackSystem::init                     : 
[LOG] Thread::initThread                       : Init FMOD Studio sample load thread. Priority: 0, Stack Size: 98304, Semaphore: No, Sleep Time: 1, Looping: No.
[LOG] PlaybackSystem::init                     : done
[LOG] Thread::initThread                       : Init FMOD Studio bank load thread. Priority: 0, Stack Size: 98304, Semaphore: No, Sleep Time: 1, Looping: No.
[LOG] Manager::init                            : done.
[LOG] Manager::readBank                        : fileversion = 121, compatVersion = 119 (oldest = 44, newest = 121)
[LOG] AsyncThread::threadFunc                  : Starting Asynchronous operation on sound 000000001DB456F8
[LOG] AsyncThread::threadFunc                  : Finished Asynchronous operation on sound 000000001DB456F8
[LOG] Manager::readBank                        : fileversion = 121, compatVersion = 119 (oldest = 44, newest = 121)
[LOG] SystemI::createSound                     : filename = C:\Users\krowse\Desktop\SlighlyDifferentWorlds\Para Worlds\FMOD\Jam Gam\Build\Desktop/Master.bank : mode 02010082
[LOG] SystemI::createSound                     : FMOD_NONBLOCKING specified.  Putting into queue to be opened asynchronously!
[LOG] SystemI::createSound                     : setdata soundi = 0000000058ED2DF8 : node = 000000003B0C1830
[LOG] SystemI::createSound                     : add node to async list : head = 0000000040CE6F58.  list count = 0
[LOG] AsyncThread::threadFunc                  : Starting Asynchronous operation on sound 0000000058ED2DF8
[LOG] SystemI::createSoundInternal             :     Create name='C:\Users\krowse\Desktop\SlighlyDifferentWorlds\Para Worlds\FMOD\Jam Gam\Build\Desktop/Master.bank', mode=0x02010082
[LOG] SystemI::createSoundInternal             :     exinfo->cbsize             = 224
[LOG] SystemI::createSoundInternal             :     exinfo->length             = 2700352
[LOG] SystemI::createSoundInternal             :     exinfo->fileoffset         = 21472
[LOG] SystemI::createSoundInternal             :     exinfo->numsubsounds       = 1
[LOG] SystemI::createSoundInternal             :     exinfo->inclusionlist      = 000000003B0C1940
[LOG] SystemI::createSoundInternal             :     exinfo->inclusionlistnum   = 1
[LOG] SystemI::createSoundInternal             :     exinfo->suggestedsoundtype = 5
[LOG] SystemI::createSoundInternal             :     exinfo->initialseekpostype = 1
[LOG] SystemI::createSoundInternal             :     Stream 0/1: name='WindHowl_Nested_Loop', format=2, channels=2, frequency=48000, lengthbytes=500992, lengthpcm=2592000, pcmblocksize=0, loopstart=0, loopend=0, mode=0x00000000, channelmask=0x00000000, channelorder=0, peakvolume=0.895360.
[LOG] AsyncThread::threadFunc                  : Finished Asynchronous operation on sound 0000000058ED2DF8
[LOG] SoundI::getSubSound                      : sound 0000000058ED2DF8.  Subsound index 0 / 1
[LOG] SystemI::createSound                     : filename = C:\Users\krowse\Desktop\SlighlyDifferentWorlds\Para Worlds\FMOD\Jam Gam\Build\Desktop/Master.bank : mode 02010082
[LOG] SystemI::createSound                     : FMOD_NONBLOCKING specified.  Putting into queue to be opened asynchronously!
[LOG] SystemI::createSound                     : setdata soundi = 0000000058ED3158 : node = 000000003B0C20F0
[LOG] SystemI::createSound                     : add node to async list : head = 0000000040CE6F58.  list count = 0
[LOG] AsyncThread::threadFunc                  : Starting Asynchronous operation on sound 0000000058ED3158
[LOG] SystemI::createSoundInternal             :     Create name='C:\Users\krowse\Desktop\SlighlyDifferentWorlds\Para Worlds\FMOD\Jam Gam\Build\Desktop/Master.bank', mode=0x02010082
[LOG] SystemI::createSoundInternal             :     exinfo->cbsize             = 224
[LOG] SystemI::createSoundInternal             :     exinfo->length             = 2700352
[LOG] SystemI::createSoundInternal             :     exinfo->fileoffset         = 21472
[LOG] SystemI::createSoundInternal             :     exinfo->numsubsounds       = 1
[LOG] SystemI::createSoundInternal             :     exinfo->inclusionlist      = 000000003B0C2200
[LOG] SystemI::createSoundInternal             :     exinfo->inclusionlistnum   = 1
[LOG] SystemI::createSoundInternal             :     exinfo->suggestedsoundtype = 5
[LOG] SystemI::createSoundInternal             :     exinfo->initialseekpostype = 1
[LOG] SystemI::createSoundInternal             :     Stream 0/1: name='339326__inspectorj__bird-whistling-a', format=2, channels=2, frequency=48000, lengthbytes=314336, lengthpcm=1154727, pcmblocksize=0, loopstart=0, loopend=0, mode=0x00000000, channelmask=0x00000000, channelorder=0, peakvolume=0.118774.
[LOG] AsyncThread::threadFunc                  : Finished Asynchronous operation on sound 0000000058ED3158
[LOG] SoundI::getSubSound                      : sound 0000000058ED3158.  Subsound index 0 / 1
[LOG] AsyncThread::threadFunc                  : Starting Asynchronous operation on sound 0000000058ED28E8
[LOG] AsyncThread::threadFunc                  : Finished Asynchronous operation on sound 0000000058ED28E8
[LOG] Manager::readBank                        : fileversion = 121, compatVersion = 119 (oldest = 44, newest = 121)
[LOG] SystemI::createSound                     : filename = C:\Users\krowse\Desktop\SlighlyDifferentWorlds\Para Worlds\FMOD\Jam Gam\Build\Desktop/Master.bank : mode 02010082
[LOG] SystemI::createSound                     : FMOD_NONBLOCKING specified.  Putting into queue to be opened asynchronously!
[LOG] SystemI::createSound                     : setdata soundi = 0000000058ED3668 : node = 000000003B0C1E70
[LOG] SystemI::createSound                     : add node to async list : head = 0000000040CE6F58.  list count = 0
[LOG] AsyncThread::threadFunc                  : Starting Asynchronous operation on sound 0000000058ED3668
[LOG] SystemI::createSoundInternal             :     Create name='C:\Users\krowse\Desktop\SlighlyDifferentWorlds\Para Worlds\FMOD\Jam Gam\Build\Desktop/Master.bank', mode=0x02010082
[LOG] SystemI::createSoundInternal             :     exinfo->cbsize             = 224
[LOG] SystemI::createSoundInternal             :     exinfo->length             = 2700352
[LOG] SystemI::createSoundInternal             :     exinfo->fileoffset         = 21472
[LOG] SystemI::createSoundInternal             :     exinfo->numsubsounds       = 1
[LOG] SystemI::createSoundInternal             :     exinfo->inclusionlist      = 000000003B0C1F80
[LOG] SystemI::createSoundInternal             :     exinfo->inclusionlistnum   = 1
[LOG] SystemI::createSoundInternal             :     exinfo->suggestedsoundtype = 5
[LOG] SystemI::createSoundInternal             :     exinfo->initialseekpostype = 1
[LOG] SystemI::createSoundInternal             :     Stream 0/1: name='330644__devlab__rain-thunder-02', format=2, channels=2, frequency=48000, lengthbytes=345984, lengthpcm=1570305, pcmblocksize=0, loopstart=0, loopend=0, mode=0x00000000, channelmask=0x00000000, channelorder=0, peakvolume=0.846802.
[LOG] AsyncThread::threadFunc                  : Finished Asynchronous operation on sound 0000000058ED3668
[LOG] SoundI::getSubSound                      : sound 0000000058ED3668.  Subsound index 0 / 1
[LOG] AsyncThread::threadFunc                  : Starting Asynchronous operation on sound 0000000058ED2A98
[LOG] AsyncThread::threadFunc                  : Finished Asynchronous operation on sound 0000000058ED2A98
[LOG] Manager::readBank                        : fileversion = 121, compatVersion = 119 (oldest = 44, newest = 121)
[LOG] Manager::readBank                        : fileversion = 121, compatVersion = 119 (oldest = 44, newest = 121)
[LOG] SoundI::release                          : 330644__devlab__rain-thunder-02 (0000000058ED3668)
[LOG] SoundI::release                          :     330644__devlab__rain-thunder-02 (000000001E068E48)
[LOG] SoundI::release                          :     330644__devlab__rain-thunder-02 (0000000058ED2A98)
[LOG] SoundI::release                          : 339326__inspectorj__bird-whistling-a (0000000058ED3158)
[LOG] SoundI::release                          :     339326__inspectorj__bird-whistling-a (000000001E067788)
[LOG] SoundI::release                          :     339326__inspectorj__bird-whistling-a (0000000058ED28E8)
[LOG] SoundI::release                          : WindHowl_Nested_Loop (0000000058ED2DF8)
[LOG] SoundI::release                          :     WindHowl_Nested_Loop (000000001E067928)
[LOG] SoundI::release                          :     WindHowl_Nested_Loop (0000000058ED3D28)
[LOG] SoundI::release                          : Wind_Nested_Loop (000000001DB458A8)
[LOG] SoundI::release                          :     Wind_Nested_Loop (0000000040CE6448)
[LOG] SoundI::release                          :     Wind_Nested_Loop (0000000015181EE8)
[LOG] SoundI::release                          : Music Omnious (00000000408CFDF8)
[LOG] SoundI::release                          :     Music Omnious (0000000040CE5268)
[LOG] SoundI::release                          :     Music Omnious (000000001DB456F8)
[LOG] SoundI::release                          :  (0000000043E231D8)
[LOG] SoundI::release                          :     Jump Voice_02 (0000000040CE5748)
[LOG] SoundI::release                          :  (0000000043E23068)
[LOG] SoundI::release                          :     Jump Voice_03 (0000000040CE6C68)
[LOG] SoundI::release                          :  (0000000043E22208)
[LOG] SoundI::release                          :     Jump Voice_04 (0000000040CE62A8)
[LOG] SoundI::release                          :  (0000000043E22D88)
[LOG] SoundI::release                          :     Jump Voice_01 (0000000040CE5408)
[LOG] SoundI::release                          :  (0000000043E22098)
[LOG] SoundI::release                          :     Dash2 (0000000040CE65E8)
[LOG] SoundI::release                          :  (0000000043E224E8)
[LOG] SoundI::release                          :     TransitionBasic_2 (0000000040CE58E8)
[LOG] SoundI::release                          :  (0000000043E22378)
[LOG] SoundI::release                          :     TransitionBasic_3 (0000000040CE55A8)
[LOG] Thread::callback                         : FMOD Studio update thread finished.
[LOG] Thread::callback                         : FMOD Studio bank load thread finished.
[LOG] Profile::disconnectAll                   : Profiler disconnecting all clients
[LOG] Thread::callback                         : FMOD Studio sample load thread finished.
[LOG] LiveUpdate::release                      : 
[LOG] LiveUpdate::reset                        : Reset connection (reason Disconnected)
[LOG] Thread::callback                         : FMOD stream thread finished.
[LOG] Thread::callback                         : FMOD mixer thread finished.
[LOG] Profile::disconnectAll                   : Profiler disconnecting all clients
[LOG] SystemI::close                           : Closed.
[LOG] Manager::readBank                        : fileversion = 121, compatVersion = 119 (oldest = 44, newest = 121)
[LOG] Manager::readBank                        : fileversion = 121, compatVersion = 119 (oldest = 44, newest = 121)
[LOG] Manager::readBank                        : fileversion = 121, compatVersion = 119 (oldest = 44, newest = 121)
[LOG] PlaybackSystem::acquireMasterBus         : Setting master channel group format to 6
[ERR] OutputWASAPI::mixerThread                : GetCurrentPadding returned 0x88890004.  Device was unplugged!
[ERR] OutputWASAPI::mixerThread                : GetCurrentPadding returned 0x88890004.  Device was unplugged!
[LOG] Thread::callback                         : FMOD mixer thread finished.
[LOG] OutputWASAPI::init                       : Mix Format (WAVEFORMATEX): wFormatTag=0xFFFE, nChannels=2, nSamplesPerSec=48000, nAvgBytesPerSec=384000, nBlockAlign=8, wBitsPerSample=32, cbSize=22.
[LOG] OutputWASAPI::init                       : Mix Format (WAVEFORMATEXTENSIBLE): wValidBitsPerSample=32, dwChannelMask=0x00000003, SubFormat=00000003-0000-0010-8000-00AA00389B71.
[LOG] OutputWASAPI::init                       : Output buffer size: 4096 samples, latency: 0.00ms, period: 10.00ms, DSP buffer: 1024 * 4
[LOG] Thread::initThread                       : Init FMOD mixer thread. Priority: 3, Stack Size: 81920, Semaphore: No, Sleep Time: 0, Looping: Yes.
